<?xml version="1.0" encoding="UTF-8"?>
<!-- Generated by org.testng.reporters.JUnitXMLReporter -->
<testsuite ignored="0" hostname="RISHI" failures="2" tests="16" name="Test1" time="72.133" errors="0" timestamp="2024-04-10T08:56:11 IST">
  <testcase classname="TestNG.DependsOnSample3" name="createPIM" time="0.013">
    <failure type="java.lang.ArithmeticException" message="/ by zero">
      <![CDATA[java.lang.ArithmeticException: / by zero
at TestNG.DependsOnSample3.createPIM(DependsOnSample3.java:9)
at java.base/java.util.ArrayList.forEach(ArrayList.java:1511)
... Removed 27 stack frames]]>
    </failure>
  </testcase> <!-- createPIM -->
  <testcase classname="TestNG.DependsOnSample3" name="UpdatePIM" time="0.0">
    <skipped/>
  </testcase> <!-- UpdatePIM -->
  <testcase classname="TestNG.DependsOnSample3" name="DeletePIM" time="0.0">
    <skipped/>
  </testcase> <!-- DeletePIM -->
  <testcase classname="TestNG.Sample2" name="TestCase1" time="0.002"/>
  <testcase classname="TestNG.Sample2" name="TestCase2" time="0.001"/>
  <testcase classname="TestNG.Sample2" name="TestCase3" time="0.002"/>
  <testcase classname="TestNG.AssertSample3" name="ActiTime" time="13.839"/>
  <testcase classname="TestNG.AssertSample3" name="ActiTimeWithAssert1" time="10.762"/>
  <testcase classname="TestNG.AssertSample3" name="ActiTimeWithAssert2" time="8.87">
    <failure type="java.lang.AssertionError" message="expected [false] but found [true]">
      <![CDATA[java.lang.AssertionError: expected [false] but found [true]
at TestNG.AssertSample3.ActiTimeWithAssert2(AssertSample3.java:32)
at java.base/java.util.ArrayList.forEach(ArrayList.java:1511)
... Removed 31 stack frames]]>
    </failure>
  </testcase> <!-- ActiTimeWithAssert2 -->
  <testcase classname="TestNG.AssertSample3" name="ActiTimeWithAssert3" time="11.225"/>
  <testcase classname="TestNG.Sample1" name="ArathmaticOperation" time="0.002"/>
  <testcase classname="TestNG.Sample1" name="OrangeHRM" time="8.608"/>
  <testcase classname="TestNG.Sample1" name="OrangeHRM" time="6.423"/>
  <testcase classname="TestNG.Sample1" name="OrangeHRM" time="5.763"/>
  <testcase classname="TestNG.Sample1" name="openSwagLabs" time="3.191"/>
  <testcase classname="TestNG.Sample1" name="OpenGoogle" time="3.306"/>
</testsuite> <!-- Test1 -->
